0 info it worked if it ends with ok
1 verbose cli [ 'C:\\Program Files\\nodejs\\node.exe',
1 verbose cli   'C:\\Program Files\\nodejs\\node_modules\\npm\\bin\\npm-cli.js',
1 verbose cli   'run',
1 verbose cli   'clean' ]
2 info using npm@3.10.10
3 info using node@v6.10.2
4 verbose run-script [ 'preclean', 'clean', 'postclean' ]
5 info lifecycle DiffVisualizer@1.0.0~preclean: DiffVisualizer@1.0.0
6 silly lifecycle DiffVisualizer@1.0.0~preclean: no script for preclean, continuing
7 info lifecycle DiffVisualizer@1.0.0~clean: DiffVisualizer@1.0.0
8 verbose lifecycle DiffVisualizer@1.0.0~clean: unsafe-perm in lifecycle true
9 verbose lifecycle DiffVisualizer@1.0.0~clean: PATH: C:\Program Files\nodejs\node_modules\npm\bin\node-gyp-bin;C:\Users\christoph\Documents\Development\diffvisualizer\node_modules\.bin;C:\ProgramData\Oracle\Java\javapath;C:\Program Files (x86)\Intel\iCLS Client\;C:\Program Files\Intel\iCLS Client\;C:\WINDOWS\system32;C:\WINDOWS;C:\WINDOWS\System32\Wbem;C:\WINDOWS\System32\WindowsPowerShell\v1.0\;C:\ProgramData\chocolatey\bin;C:\Program Files (x86)\Intel\Intel(R) Management Engine Components\DAL;C:\Program Files\Intel\Intel(R) Management Engine Components\DAL;C:\Program Files (x86)\Intel\Intel(R) Management Engine Components\IPT;C:\Program Files\Intel\Intel(R) Management Engine Components\IPT;C:\Program Files\Microsoft SQL Server\110\Tools\Binn\;C:\Program Files (x86)\ATI Technologies\ATI.ACE\Core-Static;C:\Program Files (x86)\PuTTY\;C:\Program Files\nodejs\;C:\Program Files\Git\cmd;C:\Users\christoph\AppData\Local\Microsoft\WindowsApps;C:\Users\christoph\AppData\Local\atom\bin;C:\Users\christoph\AppData\Roaming\npm;C:\apache-maven-3.5.0\bin
10 verbose lifecycle DiffVisualizer@1.0.0~clean: CWD: C:\Users\christoph\Documents\Development\diffvisualizer
11 silly lifecycle DiffVisualizer@1.0.0~clean: Args: [ '/d /s /c', 'rm public/uploads/*' ]
12 silly lifecycle DiffVisualizer@1.0.0~clean: Returned: code: 1  signal: null
13 info lifecycle DiffVisualizer@1.0.0~clean: Failed to exec clean script
14 verbose stack Error: DiffVisualizer@1.0.0 clean: `rm public/uploads/*`
14 verbose stack Exit status 1
14 verbose stack     at EventEmitter.<anonymous> (C:\Program Files\nodejs\node_modules\npm\lib\utils\lifecycle.js:255:16)
14 verbose stack     at emitTwo (events.js:106:13)
14 verbose stack     at EventEmitter.emit (events.js:191:7)
14 verbose stack     at ChildProcess.<anonymous> (C:\Program Files\nodejs\node_modules\npm\lib\utils\spawn.js:40:14)
14 verbose stack     at emitTwo (events.js:106:13)
14 verbose stack     at ChildProcess.emit (events.js:191:7)
14 verbose stack     at maybeClose (internal/child_process.js:886:16)
14 verbose stack     at Process.ChildProcess._handle.onexit (internal/child_process.js:226:5)
15 verbose pkgid DiffVisualizer@1.0.0
16 verbose cwd C:\Users\christoph\Documents\Development\diffvisualizer
17 error Windows_NT 10.0.14393
18 error argv "C:\\Program Files\\nodejs\\node.exe" "C:\\Program Files\\nodejs\\node_modules\\npm\\bin\\npm-cli.js" "run" "clean"
19 error node v6.10.2
20 error npm  v3.10.10
21 error code ELIFECYCLE
22 error DiffVisualizer@1.0.0 clean: `rm public/uploads/*`
22 error Exit status 1
23 error Failed at the DiffVisualizer@1.0.0 clean script 'rm public/uploads/*'.
23 error Make sure you have the latest version of node.js and npm installed.
23 error If you do, this is most likely a problem with the DiffVisualizer package,
23 error not with npm itself.
23 error Tell the author that this fails on your system:
23 error     rm public/uploads/*
23 error You can get information on how to open an issue for this project with:
23 error     npm bugs DiffVisualizer
23 error Or if that isn't available, you can get their info via:
23 error     npm owner ls DiffVisualizer
23 error There is likely additional logging output above.
24 verbose exit [ 1, true ]
